<?xml version="1.0" encoding="UTF-8"?>
<!-- Generated by org.testng.reporters.JUnitReportReporter -->
<testsuite hostname="LAPTOP-79F7S95S" failures="0" tests="2" name="neoStoxTestClasses.ValidateUserName" time="47.761" errors="0" timestamp="2023-01-15T10:55:28 IST" skipped="0">
  <testcase classname="neoStoxTestClasses.ValidateUserName" name="ValidateUserNameOfNeoStox" time="38.863"/>
  <system-out>
    <![CDATA[Getting Actual User Name 
Actual User Name--> Hi Mangesh Ingale
Reading Data From Property File
Data is Hi Mangesh Ingale
TC ValidateUserNameOfNeoStox is passed]]>
  </system-out>
  <testcase classname="neoStoxTestClasses.ValidateUserName" name="ValidateAccountBalOfNeoStox" time="8.898"/>
  <system-out>
    <![CDATA[Getting Account Balance
Account Balance -->>Rs.4,99,985.17
Taking ScreenShot
Screenshot taken and save at C:\Eclipse\Screenshot\ScreenShotNamerp.png
TC ValidateAccountBalOfNeoStox is passed]]>
  </system-out>
</testsuite> <!-- neoStoxTestClasses.ValidateUserName -->
