<?xml version="1.0" encoding="UTF-8"?>
<!-- Generated by org.testng.reporters.JUnitReportReporter -->
<testsuite hostname="LAPTOP-79F7S95S" failures="0" tests="2" name="neoStoxTestClasses.ValidateUserName" time="51.415" errors="0" timestamp="2023-02-06T00:07:32 IST" skipped="0">
  <testcase classname="neoStoxTestClasses.ValidateUserName" name="ValidateUserNameOfNeoStox" time="9.095"/>
  <system-out>
    <![CDATA[Getting Actual User Name 
Actual User Name--> Hi Mangesh Ingale
Reading Data From Property File
Data is Hi Mangesh Ingale
TC ValidateUserNameOfNeoStox is passed]]>
  </system-out>
  <testcase classname="neoStoxTestClasses.ValidateUserName" name="ValidateAccountBalOfNeoStox" time="42.320"/>
  <system-out>
    <![CDATA[Getting Account Balance
Account Balance -->>Rs.4,99,961.60
Taking ScreenShot
Screenshot taken and save at C:\Eclipse\Screenshot\ScreenShotNamejw.png
TC ValidateAccountBalOfNeoStox is passed]]>
  </system-out>
</testsuite> <!-- neoStoxTestClasses.ValidateUserName -->
